app/build/outputs/logs/manifest-merger-debug-report.txt
-- Merging decision tree log ---
manifest
ADDED from src/main/AndroidManifest.xml:2:1-110:12
INJECTED from src/main/AndroidManifest.xml:2:1-110:12
INJECTED from src/main/AndroidManifest.xml:2:1-110:12
INJECTED from src/main/AndroidManifest.xml:2:1-110:12
MERGED from [br.com.simplepass:loading-button-android:1.14.0] AndroidManifest.xml:2:1-11:12
MERGED from [com.github.daniel-stoneuk:material-about-library:2.3.0] AndroidManifest.xml:2:1-11:12
MERGED from [com.android.support:design:27.1.1] AndroidManifest.xml:17:1-22:12
MERGED from [com.android.support:appcompat-v7:27.1.1] AndroidManifest.xml:17:1-22:12
MERGED from [com.android.support.constraint:constraint-layout:1.1.2] AndroidManifest.xml:2:1-11:12
MERGED from [com.android.support:animated-vector-drawable:27.1.1] AndroidManifest.xml:17:1-22:12
MERGED from [com.android.support:support-vector-drawable:27.1.1] AndroidManifest.xml:17:1-22:12
MERGED from [com.google.firebase:firebase-auth:16.0.3] AndroidManifest.xml:17:1-38:12
MERGED from [com.google.firebase:firebase-database:16.0.1] AndroidManifest.xml:2:1-8:12
MERGED from [com.google.firebase:firebase-storage:16.0.1] AndroidManifest.xml:2:1-7:12
MERGED from [com.google.firebase:firebase-core:16.0.1] AndroidManifest.xml:2:1-9:12
MERGED from [com.google.firebase:firebase-measurement-connector-impl:16.0.1] AndroidManifest.xml:17:1-34:12
MERGED from [com.google.firebase:firebase-analytics:16.0.1] AndroidManifest.xml:17:1-55:12
MERGED from [com.google.android.gms:play-services-flags:15.0.1] AndroidManifest.xml:17:1-22:12
MERGED from [com.google.firebase:firebase-auth-interop:16.0.0] AndroidManifest.xml:2:1-10:12
MERGED from [com.github.parse-community.Parse-SDK-Android:fcm:1.18.5] AndroidManifest.xml:2:1-21:12
MERGED from [com.google.firebase:firebase-messaging:17.1.0] AndroidManifest.xml:17:1-37:12
MERGED from [com.google.firebase:firebase-analytics-impl:16.1.1] AndroidManifest.xml:17:1-40:12
MERGED from [com.google.firebase:firebase-iid:16.2.0] AndroidManifest.xml:17:1-65:12
MERGED from [com.google.firebase:firebase-iid-interop:16.0.0] AndroidManifest.xml:2:1-10:12
MERGED from [com.google.android.gms:play-services-base:15.0.1] AndroidManifest.xml:17:1-29:12
MERGED from [com.google.firebase:firebase-database-connection:16.0.1] AndroidManifest.xml:2:1-10:12
MERGED from [com.google.firebase:firebase-common:16.0.0] AndroidManifest.xml:2:1-16:12
MERGED from [com.google.android.gms:play-services-tasks:15.0.1] AndroidManifest.xml:2:1-9:12
MERGED from [com.google.firebase:firebase-database-collection:15.0.1] AndroidManifest.xml:2:1-8:12
MERGED from [com.google.firebase:firebase-storage-common:16.0.1] AndroidManifest.xml:2:1-10:12
MERGED from [com.google.android.gms:play-services-stats:15.0.1] AndroidManifest.xml:2:1-9:12
MERGED from [com.google.firebase:firebase-measurement-connector:16.0.0] AndroidManifest.xml:17:1-25:12
MERGED from [com.google.android.gms:play-services-ads-identifier:15.0.1] AndroidManifest.xml:17:1-24:12
MERGED from [com.google.android.gms:play-services-basement:15.0.1] AndroidManifest.xml:17:1-28:12
MERGED from [com.android.support:support-v4:27.1.1] AndroidManifest.xml:17:1-22:12
MERGED from [com.android.support:cardview-v7:27.1.1] AndroidManifest.xml:17:1-22:12
MERGED from [com.android.support:recyclerview-v7:27.1.1] AndroidManifest.xml:17:1-22:12
MERGED from [com.github.parse-community.Parse-SDK-Android:parse:1.18.5] AndroidManifest.xml:10:1-24:12
MERGED from [de.hdodenhof:circleimageview:2.2.0] AndroidManifest.xml:2:1-11:12
MERGED from [com.android.support:palette-v7:26.1.0] AndroidManifest.xml:17:1-28:12
MERGED from [com.ramotion.paperonboarding:paper-onboarding:1.1.1] AndroidManifest.xml:2:1-17:12
MERGED from [com.firebase:firebase-jobdispatcher:0.8.5] AndroidManifest.xml:17:1-42:12
MERGED from [com.android.support:support-fragment:27.1.1] AndroidManifest.xml:17:1-22:12
MERGED from [com.android.support:support-core-ui:27.1.1] AndroidManifest.xml:17:1-22:12
MERGED from [com.android.support:support-core-utils:27.1.1] AndroidManifest.xml:17:1-22:12
MERGED from [com.android.support:transition:27.1.1] AndroidManifest.xml:17:1-22:12
MERGED from [com.android.support:support-media-compat:27.1.1] AndroidManifest.xml:17:1-22:12
MERGED from [com.android.support:support-compat:27.1.1] AndroidManifest.xml:17:1-22:12
MERGED from [com.google.android.gms:play-services-measurement-base:16.0.0] AndroidManifest.xml:17:1-24:12
MERGED from [android.arch.lifecycle:runtime:1.1.0] AndroidManifest.xml:17:1-22:12
MERGED from [android.arch.lifecycle:livedata-core:1.1.0] AndroidManifest.xml:17:1-22:12
MERGED from [android.arch.core:runtime:1.1.0] AndroidManifest.xml:17:1-22:12
MERGED from [android.arch.lifecycle:viewmodel:1.1.0] AndroidManifest.xml:17:1-22:12
INJECTED from src/main/AndroidManifest.xml:2:1-110:12
INJECTED from src/main/AndroidManifest.xml:2:1-110:12
INJECTED from src/main/AndroidManifest.xml:2:1-110:12
	package
		ADDED from src/main/AndroidManifest.xml:3:5-30
		INJECTED from src/main/AndroidManifest.xml
		INJECTED from src/main/AndroidManifest.xml
	android:versionName
		INJECTED from src/main/AndroidManifest.xml
		ADDED from src/main/AndroidManifest.xml:2:1-110:12
		INJECTED from src/main/AndroidManifest.xml
	android:versionCode
		INJECTED from src/main/AndroidManifest.xml
		ADDED from src/main/AndroidManifest.xml:2:1-110:12
		INJECTED from src/main/AndroidManifest.xml
	xmlns:android
		ADDED from src/main/AndroidManifest.xml:2:11-69
uses-permission#android.permission.INTERNET
ADDED from src/main/AndroidManifest.xml:5:5-67
MERGED from [com.google.firebase:firebase-measurement-connector-impl:16.0.1] AndroidManifest.xml:22:5-67
MERGED from [com.google.firebase:firebase-measurement-connector-impl:16.0.1] AndroidManifest.xml:22:5-67
MERGED from [com.google.firebase:firebase-analytics:16.0.1] AndroidManifest.xml:23:5-67
MERGED from [com.google.firebase:firebase-analytics:16.0.1] AndroidManifest.xml:23:5-67
MERGED from [com.google.firebase:firebase-analytics-impl:16.1.1] AndroidManifest.xml:23:5-67
MERGED from [com.google.firebase:firebase-analytics-impl:16.1.1] AndroidManifest.xml:23:5-67
MERGED from [com.google.firebase:firebase-iid:16.2.0] AndroidManifest.xml:23:5-67
MERGED from [com.google.firebase:firebase-iid:16.2.0] AndroidManifest.xml:23:5-67
MERGED from [com.google.firebase:firebase-database-connection:16.0.1] AndroidManifest.xml:8:5-67
MERGED from [com.google.firebase:firebase-database-connection:16.0.1] AndroidManifest.xml:8:5-67
MERGED from [com.google.firebase:firebase-storage-common:16.0.1] AndroidManifest.xml:8:5-67
MERGED from [com.google.firebase:firebase-storage-common:16.0.1] AndroidManifest.xml:8:5-67
MERGED from [com.github.parse-community.Parse-SDK-Android:parse:1.18.5] AndroidManifest.xml:19:5-67
MERGED from [com.github.parse-community.Parse-SDK-Android:parse:1.18.5] AndroidManifest.xml:19:5-67
	android:name
		ADDED from src/main/AndroidManifest.xml:5:22-64
uses-permission#android.permission.READ_EXTERNAL_STORAGE
ADDED from src/main/AndroidManifest.xml:6:5-80
	android:name
		ADDED from src/main/AndroidManifest.xml:6:22-77
uses-permission#android.permission.WRITE_EXTERNAL_STORAGE
ADDED from src/main/AndroidManifest.xml:7:5-81
	android:name
		ADDED from src/main/AndroidManifest.xml:7:22-78
uses-permission#android.permission.ACCESS_NETWORK_STATE
ADDED from src/main/AndroidManifest.xml:8:5-79
MERGED from [com.google.firebase:firebase-measurement-connector-impl:16.0.1] AndroidManifest.xml:23:5-79
MERGED from [com.google.firebase:firebase-measurement-connector-impl:16.0.1] AndroidManifest.xml:23:5-79
MERGED from [com.google.firebase:firebase-analytics:16.0.1] AndroidManifest.xml:24:5-79
MERGED from [com.google.firebase:firebase-analytics:16.0.1] AndroidManifest.xml:24:5-79
MERGED from [com.google.firebase:firebase-analytics-impl:16.1.1] AndroidManifest.xml:24:5-79
MERGED from [com.google.firebase:firebase-analytics-impl:16.1.1] AndroidManifest.xml:24:5-79
MERGED from [com.google.firebase:firebase-iid:16.2.0] AndroidManifest.xml:22:5-79
MERGED from [com.google.firebase:firebase-iid:16.2.0] AndroidManifest.xml:22:5-79
MERGED from [com.google.firebase:firebase-storage-common:16.0.1] AndroidManifest.xml:7:5-79
MERGED from [com.google.firebase:firebase-storage-common:16.0.1] AndroidManifest.xml:7:5-79
MERGED from [com.github.parse-community.Parse-SDK-Android:parse:1.18.5] AndroidManifest.xml:20:5-79
MERGED from [com.github.parse-community.Parse-SDK-Android:parse:1.18.5] AndroidManifest.xml:20:5-79
	android:name
		ADDED from src/main/AndroidManifest.xml:8:22-76
uses-permission#android.permission.WAKE_LOCK
ADDED from src/main/AndroidManifest.xml:9:5-68
MERGED from [com.google.firebase:firebase-measurement-connector-impl:16.0.1] AndroidManifest.xml:24:5-68
MERGED from [com.google.firebase:firebase-measurement-connector-impl:16.0.1] AndroidManifest.xml:24:5-68
MERGED from [com.google.firebase:firebase-analytics:16.0.1] AndroidManifest.xml:25:5-68
MERGED from [com.google.firebase:firebase-analytics:16.0.1] AndroidManifest.xml:25:5-68
MERGED from [com.google.firebase:firebase-analytics-impl:16.1.1] AndroidManifest.xml:25:5-68
MERGED from [com.google.firebase:firebase-analytics-impl:16.1.1] AndroidManifest.xml:25:5-68
MERGED from [com.google.firebase:firebase-iid:16.2.0] AndroidManifest.xml:24:5-68
MERGED from [com.google.firebase:firebase-iid:16.2.0] AndroidManifest.xml:24:5-68
	android:name
		ADDED from src/main/AndroidManifest.xml:9:22-65
uses-permission#android.permission.VIBRATE
ADDED from src/main/AndroidManifest.xml:10:5-66
	android:name
		ADDED from src/main/AndroidManifest.xml:10:22-63
uses-permission#android.permission.RECEIVE_BOOT_COMPLETED
ADDED from src/main/AndroidManifest.xml:11:5-81
	android:name
		ADDED from src/main/AndroidManifest.xml:11:22-78
uses-permission#android.permission.GET_ACCOUNTS
ADDED from src/main/AndroidManifest.xml:12:5-71
	android:name
		ADDED from src/main/AndroidManifest.xml:12:22-68
uses-permission#com.google.android.c2dm.permission.RECEIVE
ADDED from src/main/AndroidManifest.xml:13:5-82
MERGED from [com.google.firebase:firebase-iid:16.2.0] AndroidManifest.xml:26:5-82
MERGED from [com.google.firebase:firebase-iid:16.2.0] AndroidManifest.xml:26:5-82
	android:name
		ADDED from src/main/AndroidManifest.xml:13:22-79
application
ADDED from src/main/AndroidManifest.xml:15:5-108:19
MERGED from [com.android.support.constraint:constraint-layout:1.1.2] AndroidManifest.xml:9:5-20
MERGED from [com.android.support.constraint:constraint-layout:1.1.2] AndroidManifest.xml:9:5-20
MERGED from [com.google.firebase:firebase-auth:16.0.3] AndroidManifest.xml:22:5-36:19
MERGED from [com.google.firebase:firebase-auth:16.0.3] AndroidManifest.xml:22:5-36:19
MERGED from [com.google.firebase:firebase-core:16.0.1] AndroidManifest.xml:7:5-20
MERGED from [com.google.firebase:firebase-core:16.0.1] AndroidManifest.xml:7:5-20
MERGED from [com.google.firebase:firebase-measurement-connector-impl:16.0.1] AndroidManifest.xml:26:5-32:19
MERGED from [com.google.firebase:firebase-measurement-connector-impl:16.0.1] AndroidManifest.xml:26:5-32:19
MERGED from [com.google.firebase:firebase-analytics:16.0.1] AndroidManifest.xml:28:5-53:19
MERGED from [com.google.firebase:firebase-analytics:16.0.1] AndroidManifest.xml:28:5-53:19
MERGED from [com.google.firebase:firebase-auth-interop:16.0.0] AndroidManifest.xml:7:5-8:19
MERGED from [com.google.firebase:firebase-auth-interop:16.0.0] AndroidManifest.xml:7:5-8:19
MERGED from [com.github.parse-community.Parse-SDK-Android:fcm:1.18.5] AndroidManifest.xml:11:5-19:19
MERGED from [com.github.parse-community.Parse-SDK-Android:fcm:1.18.5] AndroidManifest.xml:11:5-19:19
MERGED from [com.google.firebase:firebase-messaging:17.1.0] AndroidManifest.xml:22:5-35:19
MERGED from [com.google.firebase:firebase-messaging:17.1.0] AndroidManifest.xml:22:5-35:19
MERGED from [com.google.firebase:firebase-analytics-impl:16.1.1] AndroidManifest.xml:28:5-38:19
MERGED from [com.google.firebase:firebase-analytics-impl:16.1.1] AndroidManifest.xml:28:5-38:19
MERGED from [com.google.firebase:firebase-iid:16.2.0] AndroidManifest.xml:34:5-63:19
MERGED from [com.google.firebase:firebase-iid:16.2.0] AndroidManifest.xml:34:5-63:19
MERGED from [com.google.firebase:firebase-iid-interop:16.0.0] AndroidManifest.xml:7:5-8:19
MERGED from [com.google.firebase:firebase-iid-interop:16.0.0] AndroidManifest.xml:7:5-8:19
MERGED from [com.google.android.gms:play-services-base:15.0.1] AndroidManifest.xml:22:5-27:19
MERGED from [com.google.android.gms:play-services-base:15.0.1] AndroidManifest.xml:22:5-27:19
MERGED from [com.google.firebase:firebase-common:16.0.0] AndroidManifest.xml:8:5-14:19
MERGED from [com.google.firebase:firebase-common:16.0.0] AndroidManifest.xml:8:5-14:19
MERGED from [com.google.android.gms:play-services-tasks:15.0.1] AndroidManifest.xml:7:5-20
MERGED from [com.google.android.gms:play-services-tasks:15.0.1] AndroidManifest.xml:7:5-20
MERGED from [com.google.android.gms:play-services-stats:15.0.1] AndroidManifest.xml:7:5-20
MERGED from [com.google.android.gms:play-services-stats:15.0.1] AndroidManifest.xml:7:5-20
MERGED from [com.google.firebase:firebase-measurement-connector:16.0.0] AndroidManifest.xml:22:5-23:19
MERGED from [com.google.firebase:firebase-measurement-connector:16.0.0] AndroidManifest.xml:22:5-23:19
MERGED from [com.google.android.gms:play-services-ads-identifier:15.0.1] AndroidManifest.xml:22:5-20
MERGED from [com.google.android.gms:play-services-ads-identifier:15.0.1] AndroidManifest.xml:22:5-20
MERGED from [com.google.android.gms:play-services-basement:15.0.1] AndroidManifest.xml:22:5-26:19
MERGED from [com.google.android.gms:play-services-basement:15.0.1] AndroidManifest.xml:22:5-26:19
MERGED from [com.github.parse-community.Parse-SDK-Android:parse:1.18.5] AndroidManifest.xml:22:5-20
MERGED from [com.github.parse-community.Parse-SDK-Android:parse:1.18.5] AndroidManifest.xml:22:5-20
MERGED from [de.hdodenhof:circleimageview:2.2.0] AndroidManifest.xml:9:5-20
MERGED from [de.hdodenhof:circleimageview:2.2.0] AndroidManifest.xml:9:5-20
MERGED from [com.android.support:palette-v7:26.1.0] AndroidManifest.xml:22:5-26:19
MERGED from [com.android.support:palette-v7:26.1.0] AndroidManifest.xml:22:5-26:19
MERGED from [com.ramotion.paperonboarding:paper-onboarding:1.1.1] AndroidManifest.xml:11:5-15:19
MERGED from [com.ramotion.paperonboarding:paper-onboarding:1.1.1] AndroidManifest.xml:11:5-15:19
MERGED from [com.firebase:firebase-jobdispatcher:0.8.5] AndroidManifest.xml:26:5-40:19
MERGED from [com.firebase:firebase-jobdispatcher:0.8.5] AndroidManifest.xml:26:5-40:19
MERGED from [com.google.android.gms:play-services-measurement-base:16.0.0] AndroidManifest.xml:22:5-20
MERGED from [com.google.android.gms:play-services-measurement-base:16.0.0] AndroidManifest.xml:22:5-20
	android:supportsRtl
		ADDED from src/main/AndroidManifest.xml:21:9-35
	android:label
		ADDED from src/main/AndroidManifest.xml:19:9-41
	android:roundIcon
		ADDED from src/main/AndroidManifest.xml:20:9-54
	android:icon
		ADDED from src/main/AndroidManifest.xml:18:9-43
	android:allowBackup
		ADDED from src/main/AndroidManifest.xml:17:9-35
	android:theme
		ADDED from src/main/AndroidManifest.xml:22:9-40
	android:name
		ADDED from src/main/AndroidManifest.xml:16:9-28
activity#com.sgsj.sawaal.MainActivity
ADDED from src/main/AndroidManifest.xml:23:9-25:62
	android:configChanges
		ADDED from src/main/AndroidManifest.xml:25:13-59
	android:name
		ADDED from src/main/AndroidManifest.xml:24:13-41
activity#com.sgsj.sawaal.HomeActivity
ADDED from src/main/AndroidManifest.xml:26:9-39:20
	android:label
		ADDED from src/main/AndroidManifest.xml:29:13-56
	android:windowSoftInputMode
		ADDED from src/main/AndroidManifest.xml:31:13-52
	android:configChanges
		ADDED from src/main/AndroidManifest.xml:28:13-59
	android:theme
		ADDED from src/main/AndroidManifest.xml:30:13-56
	android:name
		ADDED from src/main/AndroidManifest.xml:27:13-41
intent-filter#action:name:android.intent.action.SEND+category:name:android.intent.category.DEFAULT+data:mimeType:application/pdf
ADDED from src/main/AndroidManifest.xml:32:13-38:29
action#android.intent.action.SEND
ADDED from src/main/AndroidManifest.xml:33:17-69
	android:name
		ADDED from src/main/AndroidManifest.xml:33:25-66
category#android.intent.category.DEFAULT
ADDED from src/main/AndroidManifest.xml:35:17-76
	android:name
		ADDED from src/main/AndroidManifest.xml:35:27-73
data
ADDED from src/main/AndroidManifest.xml:37:17-60
	android:mimeType
		ADDED from src/main/AndroidManifest.xml:37:23-57
activity#com.sgsj.sawaal.SignupActivity
ADDED from src/main/AndroidManifest.xml:40:9-42:62
	android:configChanges
		ADDED from src/main/AndroidManifest.xml:42:13-59
	android:name
		ADDED from src/main/AndroidManifest.xml:41:13-43
service#com.sgsj.sawaal.SignupActivity$OnClearFromRecentService
ADDED from src/main/AndroidManifest.xml:44:9-46:44
	android:stopWithTask
		ADDED from src/main/AndroidManifest.xml:46:13-41
	android:name
		ADDED from src/main/AndroidManifest.xml:45:13-68
activity#com.sgsj.sawaal.SplashActivity
ADDED from src/main/AndroidManifest.xml:48:9-56:20
	android:configChanges
		ADDED from src/main/AndroidManifest.xml:50:13-59
	android:name
		ADDED from src/main/AndroidManifest.xml:49:13-43
intent-filter#action:name:android.intent.action.MAIN+category:name:android.intent.category.LAUNCHER
ADDED from src/main/AndroidManifest.xml:51:13-55:29
action#android.intent.action.MAIN
ADDED from src/main/AndroidManifest.xml:52:17-69
	android:name
		ADDED from src/main/AndroidManifest.xml:52:25-66
category#android.intent.category.LAUNCHER
ADDED from src/main/AndroidManifest.xml:54:17-77
	android:name
		ADDED from src/main/AndroidManifest.xml:54:27-74
meta-data#com.parse.SERVER_URL
ADDED from src/main/AndroidManifest.xml:58:9-60:59
	android:value
		ADDED from src/main/AndroidManifest.xml:60:13-56
	android:name
		ADDED from src/main/AndroidManifest.xml:59:13-48
meta-data#com.parse.APPLICATION_ID
ADDED from src/main/AndroidManifest.xml:61:9-63:55
	android:value
		ADDED from src/main/AndroidManifest.xml:63:13-52
	android:name
		ADDED from src/main/AndroidManifest.xml:62:13-52
meta-data#com.parse.CLIENT_KEY
ADDED from src/main/AndroidManifest.xml:64:9-66:59
	android:value
		ADDED from src/main/AndroidManifest.xml:66:13-56
	android:name
		ADDED from src/main/AndroidManifest.xml:65:13-48
meta-data#com.parse.push.gcm_sender_id
ADDED from src/main/AndroidManifest.xml:67:9-69:48
	android:value
		ADDED from src/main/AndroidManifest.xml:69:13-45
	android:name
		ADDED from src/main/AndroidManifest.xml:68:13-56
service#com.parse.fcm.ParseFirebaseInstanceIdService
ADDED from src/main/AndroidManifest.xml:71:9-77:19
	android:exported
		ADDED from src/main/AndroidManifest.xml:73:13-36
	android:name
		ADDED from src/main/AndroidManifest.xml:72:13-72
intent-filter#action:name:com.google.firebase.INSTANCE_ID_EVENT
ADDED from src/main/AndroidManifest.xml:74:13-76:29
action#com.google.firebase.INSTANCE_ID_EVENT
ADDED from src/main/AndroidManifest.xml:75:17-80
	android:name
		ADDED from src/main/AndroidManifest.xml:75:25-77
service#com.parse.fcm.ParseFirebaseMessagingService
ADDED from src/main/AndroidManifest.xml:78:9-82:19
	android:name
		ADDED from src/main/AndroidManifest.xml:78:18-76
intent-filter#action:name:com.google.firebase.MESSAGING_EVENT
ADDED from src/main/AndroidManifest.xml:79:13-81:29
action#com.google.firebase.MESSAGING_EVENT
ADDED from src/main/AndroidManifest.xml:80:17-78
	android:name
		ADDED from src/main/AndroidManifest.xml:80:25-75
receiver#com.sgsj.sawaal.ParsePushReceiver
ADDED from src/main/AndroidManifest.xml:91:9-99:20
	android:exported
		ADDED from src/main/AndroidManifest.xml:93:13-37
	android:name
		ADDED from src/main/AndroidManifest.xml:92:13-46
intent-filter#action:name:com.parse.push.intent.DELETE+action:name:com.parse.push.intent.OPEN+action:name:com.parse.push.intent.RECEIVE
ADDED from src/main/AndroidManifest.xml:94:13-98:29
action#com.parse.push.intent.RECEIVE
ADDED from src/main/AndroidManifest.xml:95:17-72
	android:name
		ADDED from src/main/AndroidManifest.xml:95:25-69
action#com.parse.push.intent.DELETE
ADDED from src/main/AndroidManifest.xml:96:17-71
	android:name
		ADDED from src/main/AndroidManifest.xml:96:25-68
action#com.parse.push.intent.OPEN
ADDED from src/main/AndroidManifest.xml:97:17-69
	android:name
		ADDED from src/main/AndroidManifest.xml:97:25-66
activity#com.sgsj.sawaal.ProfileActivity
ADDED from src/main/AndroidManifest.xml:101:9-53
	android:name
		ADDED from src/main/AndroidManifest.xml:101:19-50
activity#com.sgsj.sawaal.EditProfile
ADDED from src/main/AndroidManifest.xml:102:9-49
	android:name
		ADDED from src/main/AndroidManifest.xml:102:19-46
activity#com.sgsj.sawaal.OtherProfile
ADDED from src/main/AndroidManifest.xml:103:9-50
	android:name
		ADDED from src/main/AndroidManifest.xml:103:19-47
activity#com.sgsj.sawaal.About
ADDED from src/main/AndroidManifest.xml:104:9-106:69
	android:theme
		ADDED from src/main/AndroidManifest.xml:106:13-66
	android:name
		ADDED from src/main/AndroidManifest.xml:105:13-34
activity#com.sgsj.sawaal.Main2Activity
ADDED from src/main/AndroidManifest.xml:107:9-60
	android:name
		ADDED from src/main/AndroidManifest.xml:107:19-48
uses-sdk
INJECTED from src/main/AndroidManifest.xml reason: use-sdk injection requested
INJECTED from src/main/AndroidManifest.xml
INJECTED from src/main/AndroidManifest.xml
MERGED from [br.com.simplepass:loading-button-android:1.14.0] AndroidManifest.xml:7:5-9:41
MERGED from [br.com.simplepass:loading-button-android:1.14.0] AndroidManifest.xml:7:5-9:41
MERGED from [com.github.daniel-stoneuk:material-about-library:2.3.0] AndroidManifest.xml:7:5-9:41
MERGED from [com.github.daniel-stoneuk:material-about-library:2.3.0] AndroidManifest.xml:7:5-9:41
MERGED from [com.android.support:design:27.1.1] AndroidManifest.xml:20:5-44
MERGED from [com.android.support:design:27.1.1] AndroidManifest.xml:20:5-44
MERGED from [com.android.support:appcompat-v7:27.1.1] AndroidManifest.xml:20:5-44
MERGED from [com.android.support:appcompat-v7:27.1.1] AndroidManifest.xml:20:5-44
MERGED from [com.android.support.constraint:constraint-layout:1.1.2] AndroidManifest.xml:5:5-7:41
MERGED from [com.android.support.constraint:constraint-layout:1.1.2] AndroidManifest.xml:5:5-7:41
MERGED from [com.android.support:animated-vector-drawable:27.1.1] AndroidManifest.xml:20:5-44
MERGED from [com.android.support:animated-vector-drawable:27.1.1] AndroidManifest.xml:20:5-44
MERGED from [com.android.support:support-vector-drawable:27.1.1] AndroidManifest.xml:20:5-44
MERGED from [com.android.support:support-vector-drawable:27.1.1] AndroidManifest.xml:20:5-44
MERGED from [com.google.firebase:firebase-auth:16.0.3] AndroidManifest.xml:20:5-44
MERGED from [com.google.firebase:firebase-auth:16.0.3] AndroidManifest.xml:20:5-44
MERGED from [com.google.firebase:firebase-database:16.0.1] AndroidManifest.xml:6:5-44
MERGED from [com.google.firebase:firebase-database:16.0.1] AndroidManifest.xml:6:5-44
MERGED from [com.google.firebase:firebase-storage:16.0.1] AndroidManifest.xml:5:5-44
MERGED from [com.google.firebase:firebase-storage:16.0.1] AndroidManifest.xml:5:5-44
MERGED from [com.google.firebase:firebase-core:16.0.1] AndroidManifest.xml:5:5-44
MERGED from [com.google.firebase:firebase-core:16.0.1] AndroidManifest.xml:5:5-44
MERGED from [com.google.firebase:firebase-measurement-connector-impl:16.0.1] AndroidManifest.xml:20:5-44
MERGED from [com.google.firebase:firebase-measurement-connector-impl:16.0.1] AndroidManifest.xml:20:5-44
MERGED from [com.google.firebase:firebase-analytics:16.0.1] AndroidManifest.xml:20:5-44
MERGED from [com.google.firebase:firebase-analytics:16.0.1] AndroidManifest.xml:20:5-44
MERGED from [com.google.android.gms:play-services-flags:15.0.1] AndroidManifest.xml:20:5-44
MERGED from [com.google.android.gms:play-services-flags:15.0.1] AndroidManifest.xml:20:5-44
MERGED from [com.google.firebase:firebase-auth-interop:16.0.0] AndroidManifest.xml:5:5-44
MERGED from [com.google.firebase:firebase-auth-interop:16.0.0] AndroidManifest.xml:5:5-44
MERGED from [com.github.parse-community.Parse-SDK-Android:fcm:1.18.5] AndroidManifest.xml:7:5-9:41
MERGED from [com.github.parse-community.Parse-SDK-Android:fcm:1.18.5] AndroidManifest.xml:7:5-9:41
MERGED from [com.google.firebase:firebase-messaging:17.1.0] AndroidManifest.xml:20:5-44
MERGED from [com.google.firebase:firebase-messaging:17.1.0] AndroidManifest.xml:20:5-44
MERGED from [com.google.firebase:firebase-analytics-impl:16.1.1] AndroidManifest.xml:20:5-44
MERGED from [com.google.firebase:firebase-analytics-impl:16.1.1] AndroidManifest.xml:20:5-44
MERGED from [com.google.firebase:firebase-iid:16.2.0] AndroidManifest.xml:20:5-44
MERGED from [com.google.firebase:firebase-iid:16.2.0] AndroidManifest.xml:20:5-44
MERGED from [com.google.firebase:firebase-iid-interop:16.0.0] AndroidManifest.xml:5:5-44
MERGED from [com.google.firebase:firebase-iid-interop:16.0.0] AndroidManifest.xml:5:5-44
MERGED from [com.google.android.gms:play-services-base:15.0.1] AndroidManifest.xml:20:5-44
MERGED from [com.google.android.gms:play-services-base:15.0.1] AndroidManifest.xml:20:5-44
MERGED from [com.google.firebase:firebase-database-connection:16.0.1] AndroidManifest.xml:6:5-44
MERGED from [com.google.firebase:firebase-database-connection:16.0.1] AndroidManifest.xml:6:5-44
MERGED from [com.google.firebase:firebase-common:16.0.0] AndroidManifest.xml:5:5-6:37
MERGED from [com.google.firebase:firebase-common:16.0.0] AndroidManifest.xml:5:5-6:37
MERGED from [com.google.android.gms:play-services-tasks:15.0.1] AndroidManifest.xml:5:5-44
MERGED from [com.google.android.gms:play-services-tasks:15.0.1] AndroidManifest.xml:5:5-44
MERGED from [com.google.firebase:firebase-database-collection:15.0.1] AndroidManifest.xml:6:5-44
MERGED from [com.google.firebase:firebase-database-collection:15.0.1] AndroidManifest.xml:6:5-44
MERGED from [com.google.firebase:firebase-storage-common:16.0.1] AndroidManifest.xml:5:5-44
MERGED from [com.google.firebase:firebase-storage-common:16.0.1] AndroidManifest.xml:5:5-44
MERGED from [com.google.android.gms:play-services-stats:15.0.1] AndroidManifest.xml:5:5-44
MERGED from [com.google.android.gms:play-services-stats:15.0.1] AndroidManifest.xml:5:5-44
MERGED from [com.google.firebase:firebase-measurement-connector:16.0.0] AndroidManifest.xml:20:5-44
MERGED from [com.google.firebase:firebase-measurement-connector:16.0.0] AndroidManifest.xml:20:5-44
MERGED from [com.google.android.gms:play-services-ads-identifier:15.0.1] AndroidManifest.xml:20:5-44
MERGED from [com.google.android.gms:play-services-ads-identifier:15.0.1] AndroidManifest.xml:20:5-44
MERGED from [com.google.android.gms:play-services-basement:15.0.1] AndroidManifest.xml:20:5-44
MERGED from [com.google.android.gms:play-services-basement:15.0.1] AndroidManifest.xml:20:5-44
MERGED from [com.android.support:support-v4:27.1.1] AndroidManifest.xml:20:5-44
MERGED from [com.android.support:support-v4:27.1.1] AndroidManifest.xml:20:5-44
MERGED from [com.android.support:cardview-v7:27.1.1] AndroidManifest.xml:20:5-44
MERGED from [com.android.support:cardview-v7:27.1.1] AndroidManifest.xml:20:5-44
MERGED from [com.android.support:recyclerview-v7:27.1.1] AndroidManifest.xml:20:5-44
MERGED from [com.android.support:recyclerview-v7:27.1.1] AndroidManifest.xml:20:5-44
MERGED from [com.github.parse-community.Parse-SDK-Android:parse:1.18.5] AndroidManifest.xml:15:5-17:41
MERGED from [com.github.parse-community.Parse-SDK-Android:parse:1.18.5] AndroidManifest.xml:15:5-17:41
MERGED from [de.hdodenhof:circleimageview:2.2.0] AndroidManifest.xml:5:5-7:41
MERGED from [de.hdodenhof:circleimageview:2.2.0] AndroidManifest.xml:5:5-7:41
MERGED from [com.android.support:palette-v7:26.1.0] AndroidManifest.xml:20:5-44
MERGED from [com.android.support:palette-v7:26.1.0] AndroidManifest.xml:20:5-44
MERGED from [com.ramotion.paperonboarding:paper-onboarding:1.1.1] AndroidManifest.xml:7:5-9:41
MERGED from [com.ramotion.paperonboarding:paper-onboarding:1.1.1] AndroidManifest.xml:7:5-9:41
MERGED from [com.firebase:firebase-jobdispatcher:0.8.5] AndroidManifest.xml:22:5-24:41
MERGED from [com.firebase:firebase-jobdispatcher:0.8.5] AndroidManifest.xml:22:5-24:41
MERGED from [com.android.support:support-fragment:27.1.1] AndroidManifest.xml:20:5-44
MERGED from [com.android.support:support-fragment:27.1.1] AndroidManifest.xml:20:5-44
MERGED from [com.android.support:support-core-ui:27.1.1] AndroidManifest.xml:20:5-44
MERGED from [com.android.support:support-core-ui:27.1.1] AndroidManifest.xml:20:5-44
MERGED from [com.android.support:support-core-utils:27.1.1] AndroidManifest.xml:20:5-44
MERGED from [com.android.support:support-core-utils:27.1.1] AndroidManifest.xml:20:5-44
MERGED from [com.android.support:transition:27.1.1] AndroidManifest.xml:20:5-44
MERGED from [com.android.support:transition:27.1.1] AndroidManifest.xml:20:5-44
MERGED from [com.android.support:support-media-compat:27.1.1] AndroidManifest.xml:20:5-44
MERGED from [com.android.support:support-media-compat:27.1.1] AndroidManifest.xml:20:5-44
MERGED from [com.android.support:support-compat:27.1.1] AndroidManifest.xml:20:5-44
MERGED from [com.android.support:support-compat:27.1.1] AndroidManifest.xml:20:5-44
MERGED from [com.google.android.gms:play-services-measurement-base:16.0.0] AndroidManifest.xml:20:5-44
MERGED from [com.google.android.gms:play-services-measurement-base:16.0.0] AndroidManifest.xml:20:5-44
MERGED from [android.arch.lifecycle:runtime:1.1.0] AndroidManifest.xml:20:5-44
MERGED from [android.arch.lifecycle:runtime:1.1.0] AndroidManifest.xml:20:5-44
MERGED from [android.arch.lifecycle:livedata-core:1.1.0] AndroidManifest.xml:20:5-44
MERGED from [android.arch.lifecycle:livedata-core:1.1.0] AndroidManifest.xml:20:5-44
MERGED from [android.arch.core:runtime:1.1.0] AndroidManifest.xml:20:5-44
MERGED from [android.arch.core:runtime:1.1.0] AndroidManifest.xml:20:5-44